<?xml version="1.0" encoding="UTF-8"?>
<!-- Generated by org.testng.reporters.JUnitReportReporter -->
<testsuite skipped="0" hostname="DLDA0326" name="MavenPract.MavenPract.Login" tests="1" failures="0" timestamp="28 Jun 2018 06:37:22 GMT" time="3.562" errors="0">
  <testcase name="LaunchHris" time="3.562" classname="MavenPract.MavenPract.Login"/>
</testsuite> <!-- MavenPract.MavenPract.Login -->
