<?xml version="1.0" encoding="UTF-8"?>
<!-- Generated by org.testng.reporters.JUnitReportReporter -->
<testsuite skipped="0" hostname="DLDA0326" name="MavenPract.MavenPract.Tests" tests="5" failures="0" timestamp="29 Jun 2018 12:16:13 GMT" time="12.951" errors="0">
  <testcase name="Test002" time="2.021" classname="MavenPract.MavenPract.Tests"/>
  <testcase name="Test005" time="3.530" classname="MavenPract.MavenPract.Tests"/>
  <testcase name="Test001" time="1.610" classname="MavenPract.MavenPract.Tests"/>
  <testcase name="Test003" time="1.238" classname="MavenPract.MavenPract.Tests"/>
  <testcase name="Test004" time="4.552" classname="MavenPract.MavenPract.Tests"/>
</testsuite> <!-- MavenPract.MavenPract.Tests -->
